<?xml version="1.0" encoding="UTF-8"?>
<!-- Generated by org.testng.reporters.JUnitReportReporter -->
<testsuite hostname="MacBook-Pro.local" failures="0" tests="3" name="com.testFramework.tests.e2e_integration.TestIntegrationFlow2" time="0.011" errors="0" timestamp="2025-05-17T03:49:51 IST" skipped="0">
  <testcase classname="com.testFramework.tests.e2e_integration.TestIntegrationFlow2" name="testCreateBooking" time="0.006"/>
  <testcase classname="com.testFramework.tests.e2e_integration.TestIntegrationFlow2" name="testVerifyBookingId" time="0.003"/>
  <testcase classname="com.testFramework.tests.e2e_integration.TestIntegrationFlow2" name="testDeleteBookingById" time="0.002"/>
</testsuite> <!-- com.testFramework.tests.e2e_integration.TestIntegrationFlow2 -->
