<?xml version="1.0" encoding="UTF-8"?>
<!-- Generated by org.testng.reporters.JUnitReportReporter -->
<testsuite hostname="MacBook-Pro.local" failures="0" tests="4" name="com.testFramework.tests.sample.TestIntegrationSample" time="0.014" errors="0" timestamp="2025-05-17T03:49:51 IST" skipped="0">
  <testcase classname="com.testFramework.tests.sample.TestIntegrationSample" name="testCreateBooking" time="0.005"/>
  <testcase classname="com.testFramework.tests.sample.TestIntegrationSample" name="testVerifyBookingId" time="0.006"/>
  <testcase classname="com.testFramework.tests.sample.TestIntegrationSample" name="testUpdateBookingByID" time="0.001"/>
  <testcase classname="com.testFramework.tests.sample.TestIntegrationSample" name="testDeleteBookingById" time="0.002"/>
</testsuite> <!-- com.testFramework.tests.sample.TestIntegrationSample -->
