<?xml version="1.0" encoding="UTF-8"?>
<!-- Generated by org.testng.reporters.JUnitReportReporter -->
<testsuite hostname="MacBook-Pro.local" failures="0" tests="3" name="com.testFramework.tests.e2e_integration.TestIntegrationFlow2" time="0.009" errors="0" timestamp="2025-05-16T10:35:07 IST" skipped="0">
  <testcase classname="com.testFramework.tests.e2e_integration.TestIntegrationFlow2" name="testCreateBooking" time="0.005"/>
  <testcase classname="com.testFramework.tests.e2e_integration.TestIntegrationFlow2" name="testVerifyBookingId" time="0.001"/>
  <testcase classname="com.testFramework.tests.e2e_integration.TestIntegrationFlow2" name="testDeleteBookingById" time="0.003"/>
</testsuite> <!-- com.testFramework.tests.e2e_integration.TestIntegrationFlow2 -->
