<?xml version="1.0" encoding="UTF-8"?>
<!-- Generated by org.testng.reporters.JUnitReportReporter -->
<testsuite hostname="MacBook-Pro.local" failures="0" tests="4" name="com.testFramework.tests.sample.TestIntegrationSample" time="0.012" errors="0" timestamp="2025-05-16T10:35:07 IST" skipped="0">
  <testcase classname="com.testFramework.tests.sample.TestIntegrationSample" name="testCreateBooking" time="0.009"/>
  <testcase classname="com.testFramework.tests.sample.TestIntegrationSample" name="testVerifyBookingId" time="0.002"/>
  <testcase classname="com.testFramework.tests.sample.TestIntegrationSample" name="testUpdateBookingByID" time="0.000"/>
  <testcase classname="com.testFramework.tests.sample.TestIntegrationSample" name="testDeleteBookingById" time="0.001"/>
</testsuite> <!-- com.testFramework.tests.sample.TestIntegrationSample -->
